[debug] [2025-08-27T20:49:02.128Z] ----------------------------------------------------------------------
[debug] [2025-08-27T20:49:02.130Z] Command:       /Users/bostonlearned/.nvm/versions/node/v22.15.0/bin/node /Users/bostonlearned/.nvm/versions/node/v22.15.0/bin/firebase projects:list
[debug] [2025-08-27T20:49:02.130Z] CLI Version:   14.12.0
[debug] [2025-08-27T20:49:02.130Z] Platform:      darwin
[debug] [2025-08-27T20:49:02.130Z] Node Version:  v22.15.0
[debug] [2025-08-27T20:49:02.131Z] Time:          Wed Aug 27 2025 16:49:02 GMT-0400 (Eastern Daylight Time)
[debug] [2025-08-27T20:49:02.131Z] ----------------------------------------------------------------------
[debug] 
[debug] [2025-08-27T20:49:02.204Z] > command requires scopes: ["email","openid","https://www.googleapis.com/auth/cloudplatformprojects.readonly","https://www.googleapis.com/auth/firebase","https://www.googleapis.com/auth/cloud-platform"]
[debug] [2025-08-27T20:49:02.204Z] > authorizing via FIREBASE_TOKEN environment variable
[warn] ⚠  Authenticating with `FIREBASE_TOKEN` is deprecated and will be removed in a future major version of `firebase-tools`. Instead, use a service account key with `GOOGLE_APPLICATION_CREDENTIALS`: https://cloud.google.com/docs/authentication/getting-started 
[debug] [2025-08-27T20:49:02.206Z] No OAuth tokens found
[debug] [2025-08-27T20:49:02.206Z] No OAuth tokens found
[debug] [2025-08-27T20:49:02.206Z] > refreshing access token with scopes: []
[debug] [2025-08-27T20:49:02.207Z] >>> [apiv2][query] POST https://www.googleapis.com/oauth2/v3/token [none]
[debug] [2025-08-27T20:49:02.207Z] >>> [apiv2][body] POST https://www.googleapis.com/oauth2/v3/token [omitted]
[debug] [2025-08-27T20:49:06.844Z] <<< [apiv2][status] POST https://www.googleapis.com/oauth2/v3/token 400
[debug] [2025-08-27T20:49:06.844Z] <<< [apiv2][body] POST https://www.googleapis.com/oauth2/v3/token [omitted]
[error] Authentication Error: Your credentials are no longer valid. Please run firebase login --reauth

For CI servers and headless environments, generate a new token with firebase login:ci
[error] Authentication Error: Your credentials are no longer valid. Please run firebase login --reauth

For CI servers and headless environments, generate a new token with firebase login:ci
[debug] [2025-08-27T20:49:06.845Z] Authentication Error: Your credentials are no longer valid. Please run firebase login --reauth

For CI servers and headless environments, generate a new token with firebase login:ci
[debug] [2025-08-27T20:49:06.979Z] FirebaseError: Authentication Error: Your credentials are no longer valid. Please run firebase login --reauth

For CI servers and headless environments, generate a new token with firebase login:ci
    at invalidCredentialError (/Users/bostonlearned/.nvm/versions/node/v22.15.0/lib/node_modules/firebase-tools/lib/auth.js:167:12)
    at refreshTokens (/Users/bostonlearned/.nvm/versions/node/v22.15.0/lib/node_modules/firebase-tools/lib/auth.js:556:15)
    at process.processTicksAndRejections (node:internal/process/task_queues:105:5)
    at async getAccessToken (/Users/bostonlearned/.nvm/versions/node/v22.15.0/lib/node_modules/firebase-tools/lib/apiv2.js:42:18)
    at async Client.addAuthHeader (/Users/bostonlearned/.nvm/versions/node/v22.15.0/lib/node_modules/firebase-tools/lib/apiv2.js:169:21)
    at async Client.request (/Users/bostonlearned/.nvm/versions/node/v22.15.0/lib/node_modules/firebase-tools/lib/apiv2.js:120:34)
    at async getProjectPage (/Users/bostonlearned/.nvm/versions/node/v22.15.0/lib/node_modules/firebase-tools/lib/management/projects.js:267:17)
    at async getFirebaseProjectPage (/Users/bostonlearned/.nvm/versions/node/v22.15.0/lib/node_modules/firebase-tools/lib/management/projects.js:284:23)
    at async listFirebaseProjects (/Users/bostonlearned/.nvm/versions/node/v22.15.0/lib/node_modules/firebase-tools/lib/management/projects.js:315:29)
    at async Command.actionFn (/Users/bostonlearned/.nvm/versions/node/v22.15.0/lib/node_modules/firebase-tools/lib/commands/projects-list.js:51:20)
[error] 
[error] Error: Failed to list Firebase projects. See firebase-debug.log for more info.
